<?xml version="1.0" encoding="UTF-8"?>
<!-- Generated by org.testng.reporters.JUnitXMLReporter -->
<testsuite ignored="0" hostname="Ajinkyas-MacBook-Air.local" failures="0" tests="5" name="Test" time="64.51" errors="0" timestamp="2024-10-28T12:39:34 GMT-07:00">
  <testcase classname="com.automation.tests.Leads" name="Test20" time="13.504"/>
  <testcase classname="com.automation.tests.Leads" name="Test21" time="11.51"/>
  <testcase classname="com.automation.tests.Leads" name="Test22" time="16.765"/>
  <testcase classname="com.automation.tests.Leads" name="Test23" time="10.815"/>
  <testcase classname="com.automation.tests.Leads" name="Test24" time="11.318"/>
</testsuite> <!-- Test -->
