<?xml version="1.0" encoding="UTF-8"?>
<testng-results ignored="0" total="5" passed="5" failed="0" skipped="0">
  <reporter-output>
  </reporter-output>
  <suite started-at="2024-10-28T12:38:28 GMT-07:00" name="Suite" finished-at="2024-10-28T12:39:33 GMT-07:00" duration-ms="64510">
    <groups>
    </groups>
    <test started-at="2024-10-28T12:38:28 GMT-07:00" name="Test" finished-at="2024-10-28T12:39:33 GMT-07:00" duration-ms="64510">
      <class name="com.automation.tests.Leads">
        <test-method signature="Test20()[pri:0, instance:com.automation.tests.Leads@3aa3193a]" started-at="2024-10-28T12:38:28 GMT-07:00" name="Test20" finished-at="2024-10-28T12:38:42 GMT-07:00" duration-ms="13504" status="PASS">
          <reporter-output>
          </reporter-output>
        </test-method> <!-- Test20 -->
        <test-method signature="Test21()[pri:0, instance:com.automation.tests.Leads@3aa3193a]" started-at="2024-10-28T12:38:42 GMT-07:00" name="Test21" finished-at="2024-10-28T12:38:53 GMT-07:00" duration-ms="11510" status="PASS">
          <reporter-output>
          </reporter-output>
        </test-method> <!-- Test21 -->
        <test-method signature="Test22()[pri:0, instance:com.automation.tests.Leads@3aa3193a]" started-at="2024-10-28T12:38:53 GMT-07:00" name="Test22" finished-at="2024-10-28T12:39:10 GMT-07:00" duration-ms="16765" status="PASS">
          <reporter-output>
          </reporter-output>
        </test-method> <!-- Test22 -->
        <test-method signature="Test23()[pri:0, instance:com.automation.tests.Leads@3aa3193a]" started-at="2024-10-28T12:39:10 GMT-07:00" name="Test23" finished-at="2024-10-28T12:39:21 GMT-07:00" duration-ms="10815" status="PASS">
          <reporter-output>
          </reporter-output>
        </test-method> <!-- Test23 -->
        <test-method signature="Test24()[pri:0, instance:com.automation.tests.Leads@3aa3193a]" started-at="2024-10-28T12:39:21 GMT-07:00" name="Test24" finished-at="2024-10-28T12:39:32 GMT-07:00" duration-ms="11318" status="PASS">
          <reporter-output>
          </reporter-output>
        </test-method> <!-- Test24 -->
      </class> <!-- com.automation.tests.Leads -->
    </test> <!-- Test -->
  </suite> <!-- Suite -->
</testng-results>
